<?xml version="1.0" encoding="UTF-8"?>
<!-- Generated by org.testng.reporters.JUnitXMLReporter -->
<testsuite hostname="DESKTOP-VTBT3RG" ignored="0" name="Default test" tests="4" failures="0" timestamp="2023-04-15T11:18:01 IST" time="24.738" errors="0">
  <testcase name="facebookloginandlogout" time="8.352" classname="Testcases.Facebooklogin"/>
  <testcase name="facebookloginandlogout" time="6.339" classname="Testcases.Facebooklogin"/>
  <testcase name="facebookloginandlogout" time="6.838" classname="Testcases.Facebooklogin"/>
  <testcase name="facebookInvalidusername" time="2.323" classname="Testcases.Facebooklogin"/>
</testsuite> <!-- Default test -->
