<?xml version="1.0" encoding="UTF-8"?>
<!-- Generated by org.testng.reporters.JUnitXMLReporter -->
<testsuite hostname="DESKTOP-VTBT3RG" ignored="0" name="SIT" tests="4" failures="0" timestamp="2023-04-16T10:29:07 IST" time="24.477" errors="0">
  <testcase name="facebookloginandlogout" time="7.066" classname="Testcases.Facebooklogin"/>
  <testcase name="facebookloginandlogout" time="7.627" classname="Testcases.Facebooklogin"/>
  <testcase name="facebookloginandlogout" time="5.82" classname="Testcases.Facebooklogin"/>
  <testcase name="facebookInvalidusername" time="2.001" classname="Testcases.Facebooklogin"/>
</testsuite> <!-- SIT -->
