<?xml version="1.0" encoding="UTF-8"?>
<!-- Generated by org.testng.reporters.JUnitXMLReporter -->
<testsuite hostname="DESKTOP-VTBT3RG" ignored="0" name="Test" tests="4" failures="0" timestamp="2023-04-15T11:54:33 IST" time="22.975" errors="0">
  <testcase name="facebookloginandlogout" time="7.023" classname="Testcases.Facebooklogin"/>
  <testcase name="facebookloginandlogout" time="6.024" classname="Testcases.Facebooklogin"/>
  <testcase name="facebookloginandlogout" time="7.015" classname="Testcases.Facebooklogin"/>
  <testcase name="facebookInvalidusername" time="1.969" classname="Testcases.Facebooklogin"/>
</testsuite> <!-- Test -->
