<?xml version="1.0" encoding="UTF-8"?>
<!-- Generated by org.testng.reporters.JUnitXMLReporter -->
<testsuite hostname="DESKTOP-VTBT3RG" ignored="0" name="Test" tests="6" failures="1" timestamp="2023-04-09T10:55:36 IST" time="0.092" errors="0">
  <testcase name="Testcase2" time="0.005" classname="TestNGBasics.FirsttestNG"/>
  <testcase name="Testcase3" time="0.015" classname="TestNGBasics.FirsttestNG">
    <failure type="org.testng.internal.thread.ThreadTimeoutException" message="Method TestNGBasics.FirsttestNG.Testcase3() didn&amp;apos;t finish within the time-out 1">
      <![CDATA[org.testng.internal.thread.ThreadTimeoutException: Method TestNGBasics.FirsttestNG.Testcase3() didn't finish within the time-out 1
at java.util.ArrayList.forEach(ArrayList.java:1259)
... Removed 24 stack frames]]>
    </failure>
  </testcase> <!-- Testcase3 -->
  <testcase name="Testcase1" time="0.0" classname="TestNGBasics.FirsttestNG">
    <skipped/>
  </testcase> <!-- Testcase1 -->
  <testcase name="Testcase4" time="0.002" classname="TestNGBasics.SecondClass"/>
  <testcase name="Testcase5" time="0.002" classname="TestNGBasics.SecondClass"/>
  <testcase name="Testcase6" time="0.002" classname="TestNGBasics.SecondClass"/>
</testsuite> <!-- Test -->
