<?xml version="1.0" encoding="UTF-8"?>
<!-- Generated by org.testng.reporters.JUnitXMLReporter -->
<testsuite hostname="DESKTOP-VTBT3RG" ignored="0" name="Test" tests="4" failures="0" timestamp="2023-04-15T12:00:55 IST" time="22.584" errors="0">
  <testcase name="facebookloginandlogout" time="7.623" classname="Testcases.Facebooklogin"/>
  <testcase name="facebookloginandlogout" time="6.351" classname="Testcases.Facebooklogin"/>
  <testcase name="facebookloginandlogout" time="5.967" classname="Testcases.Facebooklogin"/>
  <testcase name="facebookInvalidusername" time="1.572" classname="Testcases.Facebooklogin"/>
</testsuite> <!-- Test -->
