<?xml version="1.0" encoding="UTF-8"?>
<testng-results skipped="0" failed="0" ignored="0" total="4" passed="4">
  <reporter-output>
  </reporter-output>
  <suite name="Suite" duration-ms="22975" started-at="2023-04-15T11:54:10 IST" finished-at="2023-04-15T11:54:33 IST">
    <groups>
    </groups>
    <test name="Test" duration-ms="22975" started-at="2023-04-15T11:54:10 IST" finished-at="2023-04-15T11:54:33 IST">
      <class name="Testcases.Facebooklogin">
        <test-method status="PASS" signature="launchbrowser()[pri:0, instance:Testcases.Facebooklogin@eb21112]" name="launchbrowser" is-config="true" duration-ms="2240" started-at="2023-04-15T11:54:08 IST" finished-at="2023-04-15T11:54:10 IST">
          <reporter-output>
          </reporter-output>
        </test-method> <!-- launchbrowser -->
        <test-method status="PASS" signature="maximizeScreen()[pri:0, instance:Testcases.Facebooklogin@eb21112]" name="maximizeScreen" is-config="true" duration-ms="732" started-at="2023-04-15T11:54:10 IST" finished-at="2023-04-15T11:54:11 IST">
          <reporter-output>
          </reporter-output>
        </test-method> <!-- maximizeScreen -->
        <test-method status="PASS" signature="facebookloginandlogout(java.lang.String,java.lang.String)[pri:0, instance:Testcases.Facebooklogin@eb21112]" name="facebookloginandlogout" duration-ms="7023" started-at="2023-04-15T11:54:11 IST" data-provider="facebooklogindetails" finished-at="2023-04-15T11:54:18 IST">
          <params>
            <param index="0">
              <value>
                <![CDATA[kumar.sathish189@gmail.com]]>
              </value>
            </param>
            <param index="1">
              <value>
                <![CDATA[Admin@123]]>
              </value>
            </param>
          </params>
          <reporter-output>
          </reporter-output>
        </test-method> <!-- facebookloginandlogout -->
        <test-method status="PASS" signature="facebookloginandlogout(java.lang.String,java.lang.String)[pri:0, instance:Testcases.Facebooklogin@eb21112]" name="facebookloginandlogout" duration-ms="6024" started-at="2023-04-15T11:54:18 IST" data-provider="facebooklogindetails" finished-at="2023-04-15T11:54:24 IST">
          <params>
            <param index="0">
              <value>
                <![CDATA[kumar.sathish189@gmail.com]]>
              </value>
            </param>
            <param index="1">
              <value>
                <![CDATA[Admin@123]]>
              </value>
            </param>
          </params>
          <reporter-output>
          </reporter-output>
        </test-method> <!-- facebookloginandlogout -->
        <test-method status="PASS" signature="facebookloginandlogout(java.lang.String,java.lang.String)[pri:0, instance:Testcases.Facebooklogin@eb21112]" name="facebookloginandlogout" duration-ms="7015" started-at="2023-04-15T11:54:24 IST" data-provider="facebooklogindetails" finished-at="2023-04-15T11:54:31 IST">
          <params>
            <param index="0">
              <value>
                <![CDATA[kumar.sathish189@gmail.com]]>
              </value>
            </param>
            <param index="1">
              <value>
                <![CDATA[Admin@123]]>
              </value>
            </param>
          </params>
          <reporter-output>
          </reporter-output>
        </test-method> <!-- facebookloginandlogout -->
        <test-method status="PASS" signature="facebookInvalidusername()[pri:1, instance:Testcases.Facebooklogin@eb21112]" name="facebookInvalidusername" duration-ms="1969" started-at="2023-04-15T11:54:31 IST" finished-at="2023-04-15T11:54:33 IST">
          <reporter-output>
          </reporter-output>
        </test-method> <!-- facebookInvalidusername -->
        <test-method status="PASS" signature="teardown()[pri:0, instance:Testcases.Facebooklogin@eb21112]" name="teardown" is-config="true" duration-ms="858" started-at="2023-04-15T11:54:33 IST" finished-at="2023-04-15T11:54:34 IST">
          <reporter-output>
          </reporter-output>
        </test-method> <!-- teardown -->
      </class> <!-- Testcases.Facebooklogin -->
    </test> <!-- Test -->
  </suite> <!-- Suite -->
</testng-results>
